<?xml version="1.0" encoding="UTF-8"?>
<coverage generated="1759866960260" clover="3.2.0">
  <project timestamp="1759866960261" name="All files">
    <metrics statements="31" coveredstatements="29" conditionals="14" coveredconditionals="13" methods="16" coveredmethods="15" elements="61" coveredelements="57" complexity="0" loc="31" ncloc="31" packages="2" files="4" classes="4"/>
    <package name="src">
      <metrics statements="2" coveredstatements="0" conditionals="0" coveredconditionals="0" methods="1" coveredmethods="0"/>
      <file name="App.jsx" path="C:\Users\okoth\Desktop\alx-fe-reactjs\react-todo\src\App.jsx">
        <metrics statements="2" coveredstatements="0" conditionals="0" coveredconditionals="0" methods="1" coveredmethods="0"/>
        <line num="3" count="0" type="stmt"/>
        <line num="4" count="0" type="stmt"/>
      </file>
    </package>
    <package name="src.components">
      <metrics statements="29" coveredstatements="29" conditionals="14" coveredconditionals="13" methods="15" coveredmethods="15"/>
      <file name="AddTodoForm.jsx" path="C:\Users\okoth\Desktop\alx-fe-reactjs\react-todo\src\components\AddTodoForm.jsx">
        <metrics statements="10" coveredstatements="10" conditionals="2" coveredconditionals="2" methods="3" coveredmethods="3"/>
        <line num="3" count="1" type="stmt"/>
        <line num="4" count="29" type="stmt"/>
        <line num="6" count="29" type="stmt"/>
        <line num="7" count="6" type="stmt"/>
        <line num="8" count="6" type="cond" truecount="2" falsecount="0"/>
        <line num="9" count="4" type="stmt"/>
        <line num="10" count="4" type="stmt"/>
        <line num="14" count="29" type="stmt"/>
        <line num="15" count="5" type="stmt"/>
        <line num="18" count="29" type="stmt"/>
      </file>
      <file name="TodoItem.jsx" path="C:\Users\okoth\Desktop\alx-fe-reactjs\react-todo\src\components\TodoItem.jsx">
        <metrics statements="5" coveredstatements="5" conditionals="6" coveredconditionals="6" methods="4" coveredmethods="4"/>
        <line num="1" count="1" type="stmt"/>
        <line num="2" count="90" type="stmt"/>
        <line num="5" count="1" type="stmt"/>
        <line num="24" count="3" type="stmt"/>
        <line num="33" count="6" type="stmt"/>
      </file>
      <file name="TodoList.jsx" path="C:\Users\okoth\Desktop\alx-fe-reactjs\react-todo\src\components\TodoList.jsx">
        <metrics statements="14" coveredstatements="14" conditionals="6" coveredconditionals="5" methods="8" coveredmethods="8"/>
        <line num="5" count="1" type="stmt"/>
        <line num="7" count="24" type="stmt"/>
        <line num="15" count="24" type="stmt"/>
        <line num="16" count="4" type="cond" truecount="1" falsecount="1"/>
        <line num="17" count="4" type="stmt"/>
        <line num="22" count="4" type="stmt"/>
        <line num="27" count="24" type="stmt"/>
        <line num="28" count="4" type="stmt"/>
        <line num="30" count="17" type="cond" truecount="2" falsecount="0"/>
        <line num="36" count="24" type="stmt"/>
        <line num="37" count="19" type="stmt"/>
        <line num="40" count="24" type="stmt"/>
        <line num="56" count="90" type="stmt"/>
        <line num="68" count="90" type="stmt"/>
      </file>
    </package>
  </project>
</coverage>
