{"C:\\Users\\okoth\\Desktop\\alx-fe-reactjs\\react-todo\\src\\App.jsx": {"path":"C:\\Users\\okoth\\Desktop\\alx-fe-reactjs\\react-todo\\src\\App.jsx","statementMap":{"0":{"start":{"line":3,"column":12},"end":{"line":9,"column":1}},"1":{"start":{"line":4,"column":2},"end":{"line":8,"column":4}}},"fnMap":{"0":{"name":"(anonymous_0)","decl":{"start":{"line":3,"column":12},"end":{"line":3,"column":13}},"loc":{"start":{"line":3,"column":18},"end":{"line":9,"column":1}},"line":3}},"branchMap":{},"s":{"0":0,"1":0},"f":{"0":0},"b":{}}
,"C:\\Users\\okoth\\Desktop\\alx-fe-reactjs\\react-todo\\src\\components\\AddTodoForm.jsx": {"path":"C:\\Users\\okoth\\Desktop\\alx-fe-reactjs\\react-todo\\src\\components\\AddTodoForm.jsx","statementMap":{"0":{"start":{"line":3,"column":20},"end":{"line":35,"column":1}},"1":{"start":{"line":4,"column":38},"end":{"line":4,"column":50}},"2":{"start":{"line":6,"column":23},"end":{"line":12,"column":3}},"3":{"start":{"line":7,"column":4},"end":{"line":7,"column":23}},"4":{"start":{"line":8,"column":4},"end":{"line":11,"column":5}},"5":{"start":{"line":9,"column":6},"end":{"line":9,"column":28}},"6":{"start":{"line":10,"column":6},"end":{"line":10,"column":24}},"7":{"start":{"line":14,"column":28},"end":{"line":16,"column":3}},"8":{"start":{"line":15,"column":4},"end":{"line":15,"column":34}},"9":{"start":{"line":18,"column":2},"end":{"line":34,"column":4}}},"fnMap":{"0":{"name":"(anonymous_0)","decl":{"start":{"line":3,"column":20},"end":{"line":3,"column":21}},"loc":{"start":{"line":3,"column":39},"end":{"line":35,"column":1}},"line":3},"1":{"name":"(anonymous_1)","decl":{"start":{"line":6,"column":23},"end":{"line":6,"column":24}},"loc":{"start":{"line":6,"column":30},"end":{"line":12,"column":3}},"line":6},"2":{"name":"(anonymous_2)","decl":{"start":{"line":14,"column":28},"end":{"line":14,"column":29}},"loc":{"start":{"line":14,"column":35},"end":{"line":16,"column":3}},"line":14}},"branchMap":{"0":{"loc":{"start":{"line":8,"column":4},"end":{"line":11,"column":5}},"type":"if","locations":[{"start":{"line":8,"column":4},"end":{"line":11,"column":5}},{"start":{},"end":{}}],"line":8}},"s":{"0":1,"1":29,"2":29,"3":6,"4":6,"5":4,"6":4,"7":29,"8":5,"9":29},"f":{"0":29,"1":6,"2":5},"b":{"0":[4,2]},"_coverageSchema":"1a1c01bbd47fc00a2c39e90264f33305004495a9","hash":"e468aa8b5dee25ea6990f1db355debf0c2e299ab"}
,"C:\\Users\\okoth\\Desktop\\alx-fe-reactjs\\react-todo\\src\\components\\TodoItem.jsx": {"path":"C:\\Users\\okoth\\Desktop\\alx-fe-reactjs\\react-todo\\src\\components\\TodoItem.jsx","statementMap":{"0":{"start":{"line":1,"column":17},"end":{"line":51,"column":1}},"1":{"start":{"line":2,"column":2},"end":{"line":50,"column":4}},"2":{"start":{"line":5,"column":23},"end":{"line":5,"column":40}},"3":{"start":{"line":24,"column":23},"end":{"line":24,"column":40}},"4":{"start":{"line":33,"column":23},"end":{"line":33,"column":40}}},"fnMap":{"0":{"name":"(anonymous_0)","decl":{"start":{"line":1,"column":17},"end":{"line":1,"column":18}},"loc":{"start":{"line":1,"column":51},"end":{"line":51,"column":1}},"line":1},"1":{"name":"(anonymous_1)","decl":{"start":{"line":5,"column":17},"end":{"line":5,"column":18}},"loc":{"start":{"line":5,"column":23},"end":{"line":5,"column":40}},"line":5},"2":{"name":"(anonymous_2)","decl":{"start":{"line":24,"column":17},"end":{"line":24,"column":18}},"loc":{"start":{"line":24,"column":23},"end":{"line":24,"column":40}},"line":24},"3":{"name":"(anonymous_3)","decl":{"start":{"line":33,"column":17},"end":{"line":33,"column":18}},"loc":{"start":{"line":33,"column":23},"end":{"line":33,"column":40}},"line":33}},"branchMap":{"0":{"loc":{"start":{"line":7,"column":10},"end":{"line":9,"column":54}},"type":"cond-expr","locations":[{"start":{"line":8,"column":14},"end":{"line":8,"column":56}},{"start":{"line":9,"column":14},"end":{"line":9,"column":54}}],"line":7},"1":{"loc":{"start":{"line":12,"column":9},"end":{"line":20,"column":9}},"type":"binary-expr","locations":[{"start":{"line":12,"column":9},"end":{"line":12,"column":23}},{"start":{"line":13,"column":10},"end":{"line":19,"column":16}}],"line":12},"2":{"loc":{"start":{"line":26,"column":10},"end":{"line":26,"column":60}},"type":"cond-expr","locations":[{"start":{"line":26,"column":27},"end":{"line":26,"column":42}},{"start":{"line":26,"column":45},"end":{"line":26,"column":60}}],"line":26}},"s":{"0":1,"1":90,"2":1,"3":3,"4":6},"f":{"0":90,"1":1,"2":3,"3":6},"b":{"0":[25,65],"1":[90,25],"2":[25,65]},"_coverageSchema":"1a1c01bbd47fc00a2c39e90264f33305004495a9","hash":"6c6067bdc9a0535eb902cb14829a21bd5abe6c8e"}
,"C:\\Users\\okoth\\Desktop\\alx-fe-reactjs\\react-todo\\src\\components\\TodoList.jsx": {"path":"C:\\Users\\okoth\\Desktop\\alx-fe-reactjs\\react-todo\\src\\components\\TodoList.jsx","statementMap":{"0":{"start":{"line":5,"column":17},"end":{"line":73,"column":1}},"1":{"start":{"line":7,"column":28},"end":{"line":12,"column":4}},"2":{"start":{"line":15,"column":18},"end":{"line":24,"column":3}},"3":{"start":{"line":16,"column":4},"end":{"line":23,"column":5}},"4":{"start":{"line":17,"column":22},"end":{"line":21,"column":7}},"5":{"start":{"line":22,"column":6},"end":{"line":22,"column":36}},"6":{"start":{"line":27,"column":21},"end":{"line":33,"column":3}},"7":{"start":{"line":28,"column":4},"end":{"line":32,"column":6}},"8":{"start":{"line":30,"column":8},"end":{"line":30,"column":71}},"9":{"start":{"line":36,"column":21},"end":{"line":38,"column":3}},"10":{"start":{"line":37,"column":4},"end":{"line":37,"column":53}},"11":{"start":{"line":37,"column":36},"end":{"line":37,"column":50}},"12":{"start":{"line":40,"column":2},"end":{"line":72,"column":4}},"13":{"start":{"line":56,"column":14},"end":{"line":61,"column":16}},"14":{"start":{"line":68,"column":32},"end":{"line":68,"column":47}}},"fnMap":{"0":{"name":"(anonymous_0)","decl":{"start":{"line":5,"column":17},"end":{"line":5,"column":18}},"loc":{"start":{"line":5,"column":23},"end":{"line":73,"column":1}},"line":5},"1":{"name":"(anonymous_1)","decl":{"start":{"line":15,"column":18},"end":{"line":15,"column":19}},"loc":{"start":{"line":15,"column":28},"end":{"line":24,"column":3}},"line":15},"2":{"name":"(anonymous_2)","decl":{"start":{"line":27,"column":21},"end":{"line":27,"column":22}},"loc":{"start":{"line":27,"column":29},"end":{"line":33,"column":3}},"line":27},"3":{"name":"(anonymous_3)","decl":{"start":{"line":29,"column":16},"end":{"line":29,"column":17}},"loc":{"start":{"line":30,"column":8},"end":{"line":30,"column":71}},"line":30},"4":{"name":"(anonymous_4)","decl":{"start":{"line":36,"column":21},"end":{"line":36,"column":22}},"loc":{"start":{"line":36,"column":29},"end":{"line":38,"column":3}},"line":36},"5":{"name":"(anonymous_5)","decl":{"start":{"line":37,"column":26},"end":{"line":37,"column":27}},"loc":{"start":{"line":37,"column":36},"end":{"line":37,"column":50}},"line":37},"6":{"name":"(anonymous_6)","decl":{"start":{"line":55,"column":23},"end":{"line":55,"column":24}},"loc":{"start":{"line":56,"column":14},"end":{"line":61,"column":16}},"line":56},"7":{"name":"(anonymous_7)","decl":{"start":{"line":68,"column":22},"end":{"line":68,"column":23}},"loc":{"start":{"line":68,"column":32},"end":{"line":68,"column":47}},"line":68}},"branchMap":{"0":{"loc":{"start":{"line":16,"column":4},"end":{"line":23,"column":5}},"type":"if","locations":[{"start":{"line":16,"column":4},"end":{"line":23,"column":5}},{"start":{},"end":{}}],"line":16},"1":{"loc":{"start":{"line":30,"column":8},"end":{"line":30,"column":71}},"type":"cond-expr","locations":[{"start":{"line":30,"column":25},"end":{"line":30,"column":64}},{"start":{"line":30,"column":67},"end":{"line":30,"column":71}}],"line":30},"2":{"loc":{"start":{"line":49,"column":9},"end":{"line":64,"column":9}},"type":"cond-expr","locations":[{"start":{"line":50,"column":10},"end":{"line":52,"column":14}},{"start":{"line":54,"column":10},"end":{"line":63,"column":15}}],"line":49}},"s":{"0":1,"1":24,"2":24,"3":4,"4":4,"5":4,"6":24,"7":4,"8":17,"9":24,"10":6,"11":19,"12":24,"13":90,"14":90},"f":{"0":24,"1":4,"2":4,"3":17,"4":6,"5":19,"6":90,"7":90},"b":{"0":[4,0],"1":[4,13],"2":[1,23]},"_coverageSchema":"1a1c01bbd47fc00a2c39e90264f33305004495a9","hash":"320b32f82ccb063667c3955a92d38d1a55a1f241"}
}
