TN:
SF:src\App.jsx
FN:3,(anonymous_0)
FNF:1
FNH:0
FNDA:0,(anonymous_0)
DA:3,0
DA:4,0
LF:2
LH:0
BRF:0
BRH:0
end_of_record
TN:
SF:src\components\AddTodoForm.jsx
FN:3,(anonymous_0)
FN:6,(anonymous_1)
FN:14,(anonymous_2)
FNF:3
FNH:3
FNDA:29,(anonymous_0)
FNDA:6,(anonymous_1)
FNDA:5,(anonymous_2)
DA:3,1
DA:4,29
DA:6,29
DA:7,6
DA:8,6
DA:9,4
DA:10,4
DA:14,29
DA:15,5
DA:18,29
LF:10
LH:10
BRDA:8,0,0,4
BRDA:8,0,1,2
BRF:2
BRH:2
end_of_record
TN:
SF:src\components\TodoItem.jsx
FN:1,(anonymous_0)
FN:5,(anonymous_1)
FN:24,(anonymous_2)
FN:33,(anonymous_3)
FNF:4
FNH:4
FNDA:90,(anonymous_0)
FNDA:1,(anonymous_1)
FNDA:3,(anonymous_2)
FNDA:6,(anonymous_3)
DA:1,1
DA:2,90
DA:5,1
DA:24,3
DA:33,6
LF:5
LH:5
BRDA:7,0,0,25
BRDA:7,0,1,65
BRDA:12,1,0,90
BRDA:12,1,1,25
BRDA:26,2,0,25
BRDA:26,2,1,65
BRF:6
BRH:6
end_of_record
TN:
SF:src\components\TodoList.jsx
FN:5,(anonymous_0)
FN:15,(anonymous_1)
FN:27,(anonymous_2)
FN:29,(anonymous_3)
FN:36,(anonymous_4)
FN:37,(anonymous_5)
FN:55,(anonymous_6)
FN:68,(anonymous_7)
FNF:8
FNH:8
FNDA:24,(anonymous_0)
FNDA:4,(anonymous_1)
FNDA:4,(anonymous_2)
FNDA:17,(anonymous_3)
FNDA:6,(anonymous_4)
FNDA:19,(anonymous_5)
FNDA:90,(anonymous_6)
FNDA:90,(anonymous_7)
DA:5,1
DA:7,24
DA:15,24
DA:16,4
DA:17,4
DA:22,4
DA:27,24
DA:28,4
DA:30,17
DA:36,24
DA:37,19
DA:40,24
DA:56,90
DA:68,90
LF:14
LH:14
BRDA:16,0,0,4
BRDA:16,0,1,0
BRDA:30,1,0,4
BRDA:30,1,1,13
BRDA:49,2,0,1
BRDA:49,2,1,23
BRF:6
BRH:5
end_of_record
